2026-05-09 05:25:59.120 [main] INFO  c.s.w.d.c.c.ConnaissanceClientApplication [userId=anonymous] [correlationId=] [clientId=] [operation=] - Starting ConnaissanceClientApplication using Java 21.0.2 with PID 3820884 (/home/pbousquet/Devoxx2026/connaissance-client/connaissance-client-app/target/classes started by pbousquet in /home/pbousquet/Devoxx2026/connaissance-client/connaissance-client-app)
2026-05-09 05:25:59.129 [main] INFO  c.s.w.d.c.c.ConnaissanceClientApplication [userId=anonymous] [correlationId=] [clientId=] [operation=] - The following 1 profile is active: "workshop"
2026-05-09 05:26:00.271 [main] INFO  o.s.d.r.c.RepositoryConfigurationDelegate [userId=anonymous] [correlationId=] [clientId=] [operation=] - Bootstrapping Spring Data MongoDB repositories in DEFAULT mode.
2026-05-09 05:26:00.465 [main] INFO  o.s.d.r.c.RepositoryConfigurationDelegate [userId=anonymous] [correlationId=] [clientId=] [operation=] - Finished Spring Data repository scanning in 184 ms. Found 1 MongoDB repository interface.
2026-05-09 05:26:00.609 [main] DEBUG i.g.r.s.u.AspectJOnClasspathCondition [userId=anonymous] [correlationId=] [clientId=] [operation=] - Aspects are not activated because AspectJ is not on the classpath.
2026-05-09 05:26:00.609 [main] DEBUG i.g.r.s.u.AspectJOnClasspathCondition [userId=anonymous] [correlationId=] [clientId=] [operation=] - Aspects are not activated because AspectJ is not on the classpath.
2026-05-09 05:26:00.610 [main] DEBUG i.g.r.s.u.RxJava2OnClasspathCondition [userId=anonymous] [correlationId=] [clientId=] [operation=] - RxJava2 related Aspect extensions are not activated, because RxJava2 is not on the classpath.
2026-05-09 05:26:00.611 [main] DEBUG i.g.r.s.u.RxJava3OnClasspathCondition [userId=anonymous] [correlationId=] [clientId=] [operation=] - RxJava3 related Aspect extensions are not activated, because RxJava3 is not on the classpath.
2026-05-09 05:26:00.612 [main] DEBUG i.g.r.s.u.ReactorOnClasspathCondition [userId=anonymous] [correlationId=] [clientId=] [operation=] - Reactor related Aspect extensions are not activated because Resilience4j Reactor module is not on the classpath.
2026-05-09 05:26:00.626 [main] DEBUG i.g.r.s.u.AspectJOnClasspathCondition [userId=anonymous] [correlationId=] [clientId=] [operation=] - Aspects are not activated because AspectJ is not on the classpath.
2026-05-09 05:26:00.626 [main] DEBUG i.g.r.s.u.RxJava2OnClasspathCondition [userId=anonymous] [correlationId=] [clientId=] [operation=] - RxJava2 related Aspect extensions are not activated, because RxJava2 is not on the classpath.
2026-05-09 05:26:00.626 [main] DEBUG i.g.r.s.u.RxJava3OnClasspathCondition [userId=anonymous] [correlationId=] [clientId=] [operation=] - RxJava3 related Aspect extensions are not activated, because RxJava3 is not on the classpath.
2026-05-09 05:26:00.627 [main] DEBUG i.g.r.s.u.ReactorOnClasspathCondition [userId=anonymous] [correlationId=] [clientId=] [operation=] - Reactor related Aspect extensions are not activated because Resilience4j Reactor module is not on the classpath.
2026-05-09 05:26:00.645 [main] DEBUG i.g.r.s.u.AspectJOnClasspathCondition [userId=anonymous] [correlationId=] [clientId=] [operation=] - Aspects are not activated because AspectJ is not on the classpath.
2026-05-09 05:26:00.645 [main] DEBUG i.g.r.s.u.RxJava2OnClasspathCondition [userId=anonymous] [correlationId=] [clientId=] [operation=] - RxJava2 related Aspect extensions are not activated, because RxJava2 is not on the classpath.
2026-05-09 05:26:00.645 [main] DEBUG i.g.r.s.u.RxJava3OnClasspathCondition [userId=anonymous] [correlationId=] [clientId=] [operation=] - RxJava3 related Aspect extensions are not activated, because RxJava3 is not on the classpath.
2026-05-09 05:26:00.646 [main] DEBUG i.g.r.s.u.ReactorOnClasspathCondition [userId=anonymous] [correlationId=] [clientId=] [operation=] - Reactor related Aspect extensions are not activated because Resilience4j Reactor module is not on the classpath.
2026-05-09 05:26:00.658 [main] DEBUG i.g.r.s.u.AspectJOnClasspathCondition [userId=anonymous] [correlationId=] [clientId=] [operation=] - Aspects are not activated because AspectJ is not on the classpath.
2026-05-09 05:26:00.659 [main] DEBUG i.g.r.s.u.RxJava2OnClasspathCondition [userId=anonymous] [correlationId=] [clientId=] [operation=] - RxJava2 related Aspect extensions are not activated, because RxJava2 is not on the classpath.
2026-05-09 05:26:00.659 [main] DEBUG i.g.r.s.u.RxJava3OnClasspathCondition [userId=anonymous] [correlationId=] [clientId=] [operation=] - RxJava3 related Aspect extensions are not activated, because RxJava3 is not on the classpath.
2026-05-09 05:26:00.659 [main] DEBUG i.g.r.s.u.ReactorOnClasspathCondition [userId=anonymous] [correlationId=] [clientId=] [operation=] - Reactor related Aspect extensions are not activated because Resilience4j Reactor module is not on the classpath.
2026-05-09 05:26:00.670 [main] DEBUG i.g.r.s.u.AspectJOnClasspathCondition [userId=anonymous] [correlationId=] [clientId=] [operation=] - Aspects are not activated because AspectJ is not on the classpath.
2026-05-09 05:26:00.670 [main] DEBUG i.g.r.s.u.RxJava2OnClasspathCondition [userId=anonymous] [correlationId=] [clientId=] [operation=] - RxJava2 related Aspect extensions are not activated, because RxJava2 is not on the classpath.
2026-05-09 05:26:00.671 [main] DEBUG i.g.r.s.u.RxJava3OnClasspathCondition [userId=anonymous] [correlationId=] [clientId=] [operation=] - RxJava3 related Aspect extensions are not activated, because RxJava3 is not on the classpath.
2026-05-09 05:26:00.671 [main] DEBUG i.g.r.s.u.ReactorOnClasspathCondition [userId=anonymous] [correlationId=] [clientId=] [operation=] - Reactor related Aspect extensions are not activated because Resilience4j Reactor module is not on the classpath.
2026-05-09 05:26:00.684 [main] DEBUG i.g.r.s.u.AspectJOnClasspathCondition [userId=anonymous] [correlationId=] [clientId=] [operation=] - Aspects are not activated because AspectJ is not on the classpath.
2026-05-09 05:26:00.685 [main] DEBUG i.g.r.s.u.RxJava2OnClasspathCondition [userId=anonymous] [correlationId=] [clientId=] [operation=] - RxJava2 related Aspect extensions are not activated, because RxJava2 is not on the classpath.
2026-05-09 05:26:00.685 [main] DEBUG i.g.r.s.u.RxJava3OnClasspathCondition [userId=anonymous] [correlationId=] [clientId=] [operation=] - RxJava3 related Aspect extensions are not activated, because RxJava3 is not on the classpath.
2026-05-09 05:26:00.685 [main] DEBUG i.g.r.s.u.ReactorOnClasspathCondition [userId=anonymous] [correlationId=] [clientId=] [operation=] - Reactor related Aspect extensions are not activated because Resilience4j Reactor module is not on the classpath.
2026-05-09 05:26:00.699 [main] DEBUG i.g.r.s.u.AspectJOnClasspathCondition [userId=anonymous] [correlationId=] [clientId=] [operation=] - Aspects are not activated because AspectJ is not on the classpath.
2026-05-09 05:26:00.699 [main] DEBUG i.g.r.s.u.RxJava2OnClasspathCondition [userId=anonymous] [correlationId=] [clientId=] [operation=] - RxJava2 related Aspect extensions are not activated, because RxJava2 is not on the classpath.
2026-05-09 05:26:00.700 [main] DEBUG i.g.r.s.u.RxJava3OnClasspathCondition [userId=anonymous] [correlationId=] [clientId=] [operation=] - RxJava3 related Aspect extensions are not activated, because RxJava3 is not on the classpath.
2026-05-09 05:26:00.700 [main] DEBUG i.g.r.s.u.ReactorOnClasspathCondition [userId=anonymous] [correlationId=] [clientId=] [operation=] - Reactor related Aspect extensions are not activated because Resilience4j Reactor module is not on the classpath.
2026-05-09 05:26:01.796 [main] INFO  o.s.i.c.DefaultConfiguringBeanFactoryPostProcessor [userId=anonymous] [correlationId=] [clientId=] [operation=] - No bean named 'errorChannel' has been explicitly defined. Therefore, a default PublishSubscribeChannel will be created.
2026-05-09 05:26:01.808 [main] INFO  o.s.i.c.DefaultConfiguringBeanFactoryPostProcessor [userId=anonymous] [correlationId=] [clientId=] [operation=] - No bean named 'integrationHeaderChannelRegistry' has been explicitly defined. Therefore, a default DefaultHeaderChannelRegistry will be created.
2026-05-09 05:26:02.634 [main] INFO  o.s.boot.tomcat.TomcatWebServer [userId=anonymous] [correlationId=] [clientId=] [operation=] - Tomcat initialized with port 8080 (http)
2026-05-09 05:26:02.737 [main] INFO  o.s.b.w.c.s.WebApplicationContextInitializer [userId=anonymous] [correlationId=] [clientId=] [operation=] - Root WebApplicationContext: initialization completed in 3494 ms
2026-05-09 05:26:05.711 [main] INFO  o.s.b.a.e.web.EndpointLinksResolver [userId=anonymous] [correlationId=] [clientId=] [operation=] - Exposing 4 endpoints beneath base path '/actuator'
2026-05-09 05:26:05.899 [main] INFO  o.s.i.endpoint.EventDrivenConsumer [userId=anonymous] [correlationId=] [clientId=] [operation=] - Adding {logging-channel-adapter:_org.springframework.integration.errorLogger} as a subscriber to the 'errorChannel' channel
2026-05-09 05:26:05.900 [main] INFO  o.s.i.c.PublishSubscribeChannel [userId=anonymous] [correlationId=] [clientId=] [operation=] - Channel 'connaissance-client-api.errorChannel' has 1 subscriber(s).
2026-05-09 05:26:05.901 [main] INFO  o.s.i.endpoint.EventDrivenConsumer [userId=anonymous] [correlationId=] [clientId=] [operation=] - started bean '_org.springframework.integration.errorLogger'
2026-05-09 05:26:05.922 [main] INFO  o.s.boot.tomcat.TomcatWebServer [userId=anonymous] [correlationId=] [clientId=] [operation=] - Tomcat started on port 8080 (http) with context path '/'
2026-05-09 05:26:05.943 [main] INFO  c.s.w.d.c.c.ConnaissanceClientApplication [userId=anonymous] [correlationId=] [clientId=] [operation=] - Started ConnaissanceClientApplication in 7.701 seconds (process running for 8.262)
2026-05-09 05:28:34.309 [http-nio-8080-exec-1] INFO  o.s.web.servlet.DispatcherServlet [userId=anonymous] [correlationId=] [clientId=] [operation=] - Initializing Servlet 'dispatcherServlet'
2026-05-09 05:28:34.313 [http-nio-8080-exec-1] INFO  o.s.web.servlet.DispatcherServlet [userId=anonymous] [correlationId=] [clientId=] [operation=] - Completed initialization in 4 ms
2026-05-09 05:31:19.430 [http-nio-8080-exec-5] INFO  c.s.w.d.c.c.e.a.InMemoryAdresseEventServiceImpl [userId=anonymous] [correlationId=] [clientId=] [operation=] - Event recorded in-memory for client dd183163-8550-421a-ae81-0758bde4c0be: 1 total events
2026-05-09 05:43:48.922 [SpringApplicationShutdownHook] INFO  o.s.boot.tomcat.GracefulShutdown [userId=anonymous] [correlationId=] [clientId=] [operation=] - Commencing graceful shutdown. Waiting for active requests to complete
2026-05-09 05:43:48.926 [tomcat-shutdown] INFO  o.s.boot.tomcat.GracefulShutdown [userId=anonymous] [correlationId=] [clientId=] [operation=] - Graceful shutdown complete
2026-05-09 05:43:48.930 [SpringApplicationShutdownHook] INFO  o.s.i.endpoint.EventDrivenConsumer [userId=anonymous] [correlationId=] [clientId=] [operation=] - Removing {logging-channel-adapter:_org.springframework.integration.errorLogger} as a subscriber to the 'errorChannel' channel
2026-05-09 05:43:48.930 [SpringApplicationShutdownHook] INFO  o.s.i.c.PublishSubscribeChannel [userId=anonymous] [correlationId=] [clientId=] [operation=] - Channel 'connaissance-client-api.errorChannel' has 0 subscriber(s).
2026-05-09 05:43:48.930 [SpringApplicationShutdownHook] INFO  o.s.i.endpoint.EventDrivenConsumer [userId=anonymous] [correlationId=] [clientId=] [operation=] - stopped bean '_org.springframework.integration.errorLogger'
